<?xml version="1.0" encoding="UTF-8"?>
<!-- Generated by org.testng.reporters.JUnitXMLReporter -->
<testsuite ignored="0" hostname="DevoPriya-Desktop" failures="1" tests="2" name="Test" time="18.773" errors="0" timestamp="2021-12-28T09:57:32 IST">
  <testcase classname="com.crm.AutoDesk.orgTest.CreateOrganizationTest" name="createOrganizationTest" time="1.192">
    <failure type="java.lang.NullPointerException" message="Cannot invoke &amp;quot;org.openqa.selenium.SearchContext.findElement(org.openqa.selenium.By)&amp;quot; because &amp;quot;this.searchContext&amp;quot; is null">
      <![CDATA[java.lang.NullPointerException: Cannot invoke "org.openqa.selenium.SearchContext.findElement(org.openqa.selenium.By)" because "this.searchContext" is null
at org.openqa.selenium.support.pagefactory.DefaultElementLocator.findElement(DefaultElementLocator.java:69)
at org.openqa.selenium.support.pagefactory.internal.LocatingElementHandler.invoke(LocatingElementHandler.java:38)
at jdk.proxy2/jdk.proxy2.$Proxy19.click(Unknown Source)
at com.crm.autodesk.POM.HomePage.createOrganization(HomePage.java:44)
at com.crm.AutoDesk.orgTest.CreateOrganizationTest.createOrganizationTest(CreateOrganizationTest.java:48)
at java.base/java.util.ArrayList.forEach(ArrayList.java:1511)
... Removed 27 stack frames]]>
    </failure>
  </testcase> <!-- createOrganizationTest -->
  <testcase classname="com.crm.AutoDesk.Contact.Test.CreateContactTest" name="createContactTest" time="9.757"/>
</testsuite> <!-- Test -->
